生成启动时间为 2016/1/8 15:41:13。
     1>项目“D:\Mycode\task1\task1\task1.vcxproj”在节点 2 上(build 个目标)。
     1>PrepareForBuild:
         正在创建目录“D:\Mycode\task1\Debug\”。
       InitializeBuildStatus:
         正在创建“Debug\task1.unsuccessfulbuild”，因为已指定“AlwaysCreate”。
       ClCompile:
         d:\Program Files (x86)\Microsoft Visual Studio 10.0\VC\bin\CL.exe /c /ZI /nologo /W3 /WX- /Od /Oy- /D WIN32 /D _WINDOWS /D _DEBUG /D _MBCS /Gm /EHsc /MTd /GS /fp:precise /Zc:wchar_t /Zc:forScope /Yc"StdAfx.h" /Fp"Debug\task1.pch" /Fo"Debug\\" /Fd"Debug\vc100.pdb" /Gd /TP /analyze- /errorReport:prompt stdafx.cpp
         stdafx.cpp
         d:\Program Files (x86)\Microsoft Visual Studio 10.0\VC\bin\CL.exe /c /ZI /nologo /W3 /WX- /Od /Oy- /D WIN32 /D _WINDOWS /D _DEBUG /D _MBCS /Gm /EHsc /MTd /GS /fp:precise /Zc:wchar_t /Zc:forScope /Yu"StdAfx.h" /Fp"Debug\task1.pch" /Fo"Debug\\" /Fd"Debug\vc100.pdb" /Gd /TP /analyze- /errorReport:prompt Bmp.cpp MainFrm.cpp task1.cpp task1Doc.cpp task1View.cpp
         task1View.cpp
     1>d:\mycode\task1\task1\task1view.cpp(125): warning C4244: “=”: 从“float”转换到“int”，可能丢失数据
     1>d:\mycode\task1\task1\task1view.cpp(126): warning C4244: “=”: 从“float”转换到“int”，可能丢失数据
     1>d:\mycode\task1\task1\task1view.cpp(192): warning C4101: “m_hResult”: 未引用的局部变量
     1>d:\mycode\task1\task1\task1view.cpp(233): warning C4244: “+=”: 从“double”转换到“float”，可能丢失数据
     1>d:\mycode\task1\task1\task1view.cpp(241): warning C4305: “=”: 从“double”到“float”截断
     1>d:\mycode\task1\task1\task1view.cpp(288): warning C4244: “=”: 从“LONG”转换到“float”，可能丢失数据
     1>d:\mycode\task1\task1\task1view.cpp(289): warning C4244: “=”: 从“LONG”转换到“float”，可能丢失数据
         task1Doc.cpp
         task1.cpp
         MainFrm.cpp
         Bmp.cpp
     1>d:\mycode\task1\task1\bmp.cpp(73): warning C4996: 'fopen': This function or variable may be unsafe. Consider using fopen_s instead. To disable deprecation, use _CRT_SECURE_NO_WARNINGS. See online help for details.
                 d:\program files (x86)\microsoft visual studio 10.0\vc\include\stdio.h(234) : 参见“fopen”的声明
     1>d:\mycode\task1\task1\bmp.cpp(103): warning C4996: 'fopen': This function or variable may be unsafe. Consider using fopen_s instead. To disable deprecation, use _CRT_SECURE_NO_WARNINGS. See online help for details.
                 d:\program files (x86)\microsoft visual studio 10.0\vc\include\stdio.h(234) : 参见“fopen”的声明
     1>d:\mycode\task1\task1\bmp.cpp(195): warning C4244: “参数”: 从“int”转换到“float”，可能丢失数据
     1>d:\mycode\task1\task1\bmp.cpp(196): warning C4244: “参数”: 从“int”转换到“float”，可能丢失数据
         正在生成代码...
       ResourceCompile:
         C:\Program Files (x86)\Microsoft SDKs\Windows\v7.0A\bin\rc.exe /D _DEBUG /l"0x0804" /IDebug\ /nologo /fo"Debug\task1.res" task1.rc 
       ManifestResourceCompile:
         C:\Program Files (x86)\Microsoft SDKs\Windows\v7.0A\bin\rc.exe /nologo /fo"Debug\task1.exe.embed.manifest.res" Debug\task1_manifest.rc 
       Link:
         d:\Program Files (x86)\Microsoft Visual Studio 10.0\VC\bin\link.exe /ERRORREPORT:PROMPT /OUT:"D:\Mycode\task1\Debug\task1.exe" /INCREMENTAL /NOLOGO opencv_calib3d243.lib opencv_calib3d243d.lib opencv_contrib243.lib opencv_contrib243d.lib opencv_core243.lib opencv_core243d.lib opencv_features2d243.lib opencv_features2d243d.lib opencv_flann243.lib opencv_flann243d.lib opencv_gpu243.lib opencv_gpu243d.lib opencv_haartraining_engine.lib opencv_haartraining_engined.lib opencv_highgui243.lib opencv_highgui243d.lib opencv_imgproc243.lib opencv_imgproc243d.lib opencv_legacy243.lib opencv_legacy243d.lib opencv_ml243.lib opencv_ml243d.lib opencv_nonfree243.lib opencv_nonfree243d.lib opencv_objdetect243.lib opencv_objdetect243d.lib opencv_photo243.lib opencv_photo243d.lib opencv_stitching243.lib opencv_stitching243d.lib opencv_ts243.lib opencv_ts243d.lib opencv_video243.lib opencv_video243d.lib opencv_videostab243.lib opencv_videostab243d.lib /MANIFEST /ManifestFile:"Debug\task1.exe.intermediate.manifest" /MANIFESTUAC:"level='asInvoker' uiAccess='false'" /DEBUG /PDB:"D:\Mycode\task1\Debug\task1.pdb" /SUBSYSTEM:WINDOWS /TLBID:1 /DYNAMICBASE /NXCOMPAT /IMPLIB:"D:\Mycode\task1\Debug\task1.lib" /MACHINE:X86 Debug\task1.res
         Debug\task1.exe.embed.manifest.res
         Debug\Bmp.obj
         Debug\MainFrm.obj
         Debug\stdafx.obj
         Debug\task1.obj
         Debug\task1Doc.obj
         Debug\task1View.obj
       Manifest:
         C:\Program Files (x86)\Microsoft SDKs\Windows\v7.0A\bin\mt.exe /nologo /verbose /out:"Debug\task1.exe.embed.manifest" /manifest Debug\task1.exe.intermediate.manifest "d:\Program Files (x86)\Microsoft Visual Studio 10.0\VC\Include\Manifest\dpiaware.manifest"
         C:\Program Files (x86)\Microsoft SDKs\Windows\v7.0A\bin\rc.exe /nologo /fo"Debug\task1.exe.embed.manifest.res" Debug\task1_manifest.rc 
       LinkEmbedManifest:
         d:\Program Files (x86)\Microsoft Visual Studio 10.0\VC\bin\link.exe /ERRORREPORT:PROMPT /OUT:"D:\Mycode\task1\Debug\task1.exe" /INCREMENTAL /NOLOGO opencv_calib3d243.lib opencv_calib3d243d.lib opencv_contrib243.lib opencv_contrib243d.lib opencv_core243.lib opencv_core243d.lib opencv_features2d243.lib opencv_features2d243d.lib opencv_flann243.lib opencv_flann243d.lib opencv_gpu243.lib opencv_gpu243d.lib opencv_haartraining_engine.lib opencv_haartraining_engined.lib opencv_highgui243.lib opencv_highgui243d.lib opencv_imgproc243.lib opencv_imgproc243d.lib opencv_legacy243.lib opencv_legacy243d.lib opencv_ml243.lib opencv_ml243d.lib opencv_nonfree243.lib opencv_nonfree243d.lib opencv_objdetect243.lib opencv_objdetect243d.lib opencv_photo243.lib opencv_photo243d.lib opencv_stitching243.lib opencv_stitching243d.lib opencv_ts243.lib opencv_ts243d.lib opencv_video243.lib opencv_video243d.lib opencv_videostab243.lib opencv_videostab243d.lib /MANIFEST /ManifestFile:"Debug\task1.exe.intermediate.manifest" /MANIFESTUAC:"level='asInvoker' uiAccess='false'" /DEBUG /PDB:"D:\Mycode\task1\Debug\task1.pdb" /SUBSYSTEM:WINDOWS /TLBID:1 /DYNAMICBASE /NXCOMPAT /IMPLIB:"D:\Mycode\task1\Debug\task1.lib" /MACHINE:X86 Debug\task1.res
         Debug\task1.exe.embed.manifest.res
         Debug\Bmp.obj
         Debug\MainFrm.obj
         Debug\stdafx.obj
         Debug\task1.obj
         Debug\task1Doc.obj
         Debug\task1View.obj
         task1.vcxproj -> D:\Mycode\task1\Debug\task1.exe
       FinalizeBuildStatus:
         正在删除文件“Debug\task1.unsuccessfulbuild”。
         正在对“Debug\task1.lastbuildstate”执行 Touch 任务。
     1>已完成生成项目“D:\Mycode\task1\task1\task1.vcxproj”(build 个目标)的操作。

生成成功。

已用时间 00:00:23.07
